
> blockopoly-frontend-v1@0.1.0 build
> NEXT_TELEMETRY_DISABLED=1 next build

  ▲ Next.js 14.2.32
  - Environments: .env.local
  - Experiments (use with caution):
    · cpus
    · instrumentationHook

   Creating an optimized production build ...
[@sentry/nextjs] The Sentry SDK has enabled source map generation for your Next.js app. If you don't want to serve Source Maps to your users, either set the `sourcemaps.deleteSourcemapsAfterUpload` option to true, or manually delete the source maps after the build. In future Sentry SDK versions `sourcemaps.deleteSourcemapsAfterUpload` will default to `true`. If you do not want to generate and upload sourcemaps, set the `sourcemaps.disable` option in `withSentryConfig()`.
request to https://fonts.googleapis.com/css2?family=JetBrains+Mono:wght@400;500;600;700&display=swap failed, reason: 

Retrying 1/3...
request to https://fonts.googleapis.com/css2?family=Syne:wght@400;500;600;700;800&display=swap failed, reason: 

Retrying 1/3...
request to https://fonts.googleapis.com/css2?family=JetBrains+Mono:wght@400;500;600;700&display=swap failed, reason: 

Retrying 2/3...
request to https://fonts.googleapis.com/css2?family=Syne:wght@400;500;600;700;800&display=swap failed, reason: 

Retrying 2/3...
request to https://fonts.googleapis.com/css2?family=Syne:wght@400;500;600;700;800&display=swap failed, reason: 

Retrying 3/3...
FetchError: request to https://fonts.googleapis.com/css2?family=Syne:wght@400;500;600;700;800&display=swap failed, reason: 
    at ClientRequest.<anonymous> (/home/ajidokwu/Desktop/Tycoon/minipay_frontend/node_modules/next/dist/compiled/node-fetch/index.js:1:66160)
    at ClientRequest.emit (node:events:508:28)
    at emitErrorEvent (node:_http_client:107:11)
    at TLSSocket.socketErrorListener (node:_http_client:574:5)
    at TLSSocket.emit (node:events:508:28)
    at emitErrorNT (node:internal/streams/destroy:170:8)
    at emitErrorCloseNT (node:internal/streams/destroy:129:3)
    at processTicksAndRejections (node:internal/process/task_queues:90:21)
    at runNextTicks (node:internal/process/task_queues:69:3)
    at process.processTimers (node:internal/timers:540:9) {
  type: 'system',
  errno: 'ETIMEDOUT',
  code: 'ETIMEDOUT'
}
request to https://fonts.gstatic.com/s/orbitron/v35/yMJRMIlzdpvBhQQL_Qq7dy1biN15.woff2 failed, reason: 

Retrying 1/3...
request to https://fonts.gstatic.com/s/dmsans/v17/rP2Yp2ywxg089UriI5-g4vlH9VoD8Cmcqbu6-K6z9mXgjU0.woff2 failed, reason: 

Retrying 1/3...
request to https://fonts.gstatic.com/s/dmsans/v17/rP2Yp2ywxg089UriI5-g4vlH9VoD8Cmcqbu0-K6z9mXg.woff2 failed, reason: 

Retrying 1/3...
Failed to compile.

components/shared/fonts-arena.ts
`next/font` error:
Failed to fetch `Syne` from Google Fonts.

./components/profile/profile-mobile.tsx:18:1
Module not found: Can't resolve '@/components/auth/PrivyWalletProfilePrompt'
[0m [90m 16 |[39m [36mimport[39m { useGuestAuthOptional } [36mfrom[39m [32m'@/context/GuestAuthContext'[39m[33m;[39m[0m
[0m [90m 17 |[39m [36mimport[39m [33mAccountLinkWallet[39m [36mfrom[39m [32m'@/components/auth/AccountLinkWallet'[39m[33m;[39m[0m
[0m[31m[1m>[22m[39m[90m 18 |[39m [36mimport[39m [33mPrivyWalletProfilePrompt[39m [36mfrom[39m [32m'@/components/auth/PrivyWalletProfilePrompt'[39m[33m;[39m[0m
[0m [90m    |[39m [31m[1m^[22m[39m[0m
[0m [90m 19 |[39m[0m
[0m [90m 20 |[39m [36mimport[39m { apiClient } [36mfrom[39m [32m'@/lib/api'[39m[33m;[39m[0m
[0m [90m 21 |[39m [36mimport[39m { [33mApiResponse[39m } [36mfrom[39m [32m'@/types/api'[39m[33m;[39m[0m

https://nextjs.org/docs/messages/module-not-found

Import trace for requested module:
./clients/ProfileClient.tsx

./components/profile/profile.tsx:15:1
Module not found: Can't resolve '@/components/auth/PrivyWalletProfilePrompt'
[0m [90m 13 |[39m [36mimport[39m { useGuestAuthOptional } [36mfrom[39m [32m'@/context/GuestAuthContext'[39m[33m;[39m[0m
[0m [90m 14 |[39m [36mimport[39m [33mAccountLinkWallet[39m [36mfrom[39m [32m'@/components/auth/AccountLinkWallet'[39m[33m;[39m[0m
[0m[31m[1m>[22m[39m[90m 15 |[39m [36mimport[39m [33mPrivyWalletProfilePrompt[39m [36mfrom[39m [32m'@/components/auth/PrivyWalletProfilePrompt'[39m[33m;[39m[0m
[0m [90m    |[39m [31m[1m^[22m[39m[0m
[0m [90m 16 |[39m[0m
[0m [90m 17 |[39m [36mimport[39m { apiClient } [36mfrom[39m [32m'@/lib/api'[39m[33m;[39m[0m
[0m [90m 18 |[39m [36mimport[39m { [33mApiResponse[39m } [36mfrom[39m [32m'@/types/api'[39m[33m;[39m[0m

https://nextjs.org/docs/messages/module-not-found

Import trace for requested module:
./clients/ProfileClient.tsx


> Build failed because of webpack errors
